2022-06-08 18:51:30,827 INFO [SETUP TEST] tests.login.UnsuccessfulLoginWrongPassword
2022-06-08 18:51:30,831 DEBUG setUpDriver()
2022-06-08 18:51:30,835 TRACE getProperty(browser)
2022-06-08 18:51:30,837 TRACE getProperty(remote)
2022-06-08 18:51:30,837 TRACE getProperty(headless)
2022-06-08 18:51:30,837 TRACE getProperty(hubUrl)
2022-06-08 18:51:30,837 TRACE getProperty(driversFolders)
2022-06-08 18:51:30,837 DEBUG setUpDriver(chrome, Is Headless: false)
2022-06-08 18:51:34,878 TRACE getProperty(adminUsername)
2022-06-08 18:51:34,878 TRACE getProperty(adminPassword)
2022-06-08 18:51:34,881 TRACE getProperty(locale)
2022-06-08 18:51:34,883 INFO [START TEST] tests.login.UnsuccessfulLoginWrongPassword
2022-06-08 18:51:34,887 TRACE getPageUrl(/login)
2022-06-08 18:51:34,888 TRACE getProperty(environment)
2022-06-08 18:51:34,888 TRACE getProperty(localBaseUrl)
2022-06-08 18:51:34,888 TRACE new LoginPage()
2022-06-08 18:51:34,888 DEBUG Open LoginPage(http://localhost:8080/login)
2022-06-08 18:51:34,888 TRACE openUrl(http://localhost:8080/login)
2022-06-08 18:51:55,870 DEBUG verifyLoginPage()
2022-06-08 18:51:55,870 TRACE waitForUrlChange(http://localhost:8080/login, 3s)
2022-06-08 18:51:55,891 TRACE waitUntilPageIsReady(5)
2022-06-08 18:51:55,900 DEBUG typeUsername(admin)
2022-06-08 18:51:55,900 DEBUG isUsernameTextFieldDisplayed()
2022-06-08 18:51:55,900 TRACE isWebElementDisplayed (By.id: username)
2022-06-08 18:51:55,900 TRACE getWebElement(By.id: username)
2022-06-08 18:51:55,949 TRACE getWebElement(By.id: username)
2022-06-08 18:51:55,976 TRACE clearAndTypeTextToWebElement([[ChromeDriver: chrome on WINDOWS (8f921e619cadb5ccea925fa1381858a7)] -> id: username], admin)
2022-06-08 18:51:57,059 DEBUG typePassword(password)
2022-06-08 18:51:57,059 DEBUG isPasswordTextFieldDisplayed()
2022-06-08 18:51:57,059 TRACE isWebElementDisplayed (By.id: password)
2022-06-08 18:51:57,059 TRACE getWebElement(By.id: password)
2022-06-08 18:51:57,099 TRACE getWebElement(By.id: password)
2022-06-08 18:51:57,112 TRACE clearAndTypeTextToWebElement([[ChromeDriver: chrome on WINDOWS (8f921e619cadb5ccea925fa1381858a7)] -> id: password], password)
2022-06-08 18:51:58,217 DEBUG clickLoginButtonNoProgress()
2022-06-08 18:51:58,217 DEBUG isLoginButtonDisplayed()
2022-06-08 18:51:58,217 TRACE isWebElementDisplayed (By.xpath: //div[@id='loginbox']//input[contains(@class, 'btn-primary')])
2022-06-08 18:51:58,217 TRACE getWebElement(By.xpath: //div[@id='loginbox']//input[contains(@class, 'btn-primary')])
2022-06-08 18:51:58,255 TRACE getWebElement(By.xpath: //div[@id='loginbox']//input[contains(@class, 'btn-primary')])
2022-06-08 18:51:58,267 TRACE clickOnWebElement([[ChromeDriver: chrome on WINDOWS (8f921e619cadb5ccea925fa1381858a7)] -> xpath: //div[@id='loginbox']//input[contains(@class, 'btn-primary')]])
2022-06-08 18:51:58,521 TRACE getPageUrl(/login)
2022-06-08 18:51:58,521 TRACE getProperty(environment)
2022-06-08 18:51:58,521 TRACE getProperty(localBaseUrl)
2022-06-08 18:51:58,521 TRACE new LoginPage()
2022-06-08 18:51:58,521 DEBUG verifyLoginPage()
2022-06-08 18:51:58,521 TRACE waitForUrlChange(http://localhost:8080/login, 3s)
2022-06-08 18:52:01,628 INFO [END TEST] tests.login.UnsuccessfulLoginWrongPassword
2022-06-08 18:52:01,628 DEBUG tearDown(tests.login.UnsuccessfulLoginWrongPassword)
2022-06-08 18:52:01,628 TRACE getProperty(takeScreenshot)
2022-06-08 18:52:01,631 TRACE getProperty(screenshotsFolder)
2022-06-08 18:52:01,632 TRACE takeScreenshot(tests.login.UnsuccessfulLoginWrongPassword)
2022-06-08 18:52:01,895 INFO Screenshot for test 'tests.login.UnsuccessfulLoginWrongPassword' is successfully saved: C:\Users\katarina.dzajevic\Projects\SamsaraTA\screenshots\tests.login.UnsuccessfulLoginWrongPassword.png
2022-06-08 18:52:01,895 DEBUG quitDriver()
